[ Oct 15 2013 00:22:19 ] [var/cache/ini/content-73b2c70e8f604e1492afa815eb41a8b3.php]
[ Oct 15 2013 00:22:19 ] [var/cache/ini/workflow-06b5a82b8500815b84ac44045e32c15c.php]
[ Oct 15 2013 00:22:19 ] [var/cache/ini/override-e73dc71dcf30e3c3390683ce1faf1be7.php]
[ Oct 15 2013 00:22:19 ] [var/cache/ini/design-48a0e1d78a37070e31ecac9bd1e2dd98.php]
[ Oct 15 2013 00:22:19 ] [var/ezdemo_site/cache/override/override_4294b0cc1bc554268d72c431a18ea82c.php]
[ Oct 15 2013 00:22:19 ] [var/ezdemo_site/cache/template/compiled/common.php]
[ Oct 15 2013 00:22:19 ] [var/ezdemo_site/cache/template/compiled/full-c10b5c76ef6bff59d746bd5701aeba00.php]
[ Oct 15 2013 00:22:19 ] [var/ezdemo_site/cache/template/compiled/infocollection_validation-3c1392f6478edb3e1d0b41fb24010655.php]
[ Oct 15 2013 00:22:19 ] [var/cache/ini/icon-0491bbef1a8a16518d8af78fa97f9770.php]
[ Oct 15 2013 00:22:19 ] [var/cache/ini/icon-7ae138535274caa4a0000aac8ebc1391.php]
[ Oct 15 2013 00:22:19 ] [var/cache/ini/icon-804cd4f37038102139750a1708b731fa.php]
[ Oct 15 2013 00:22:19 ] [var/cache/ini/admininterface-df7179a75046e8f9260002e9ec5b24c5.php]
[ Oct 15 2013 00:22:20 ] [var/ezdemo_site/cache/template/compiled/window_controls-9445a0aafffe27a6e5f9f034af1a1089.php]
[ Oct 15 2013 00:22:20 ] [var/cache/ini/eng-GB-90948bed4e408768fe50b96e28d86b8e.php]
[ Oct 15 2013 00:22:20 ] [var/ezdemo_site/cache/template/compiled/window_controls_extratabs-ab40d652922518fd10f154b04ecc2921.php]
[ Oct 15 2013 00:22:20 ] [var/ezdemo_site/cache/template/compiled/windows-55ba648406aa65833b693c81d6f2f5c1.php]
[ Oct 15 2013 00:22:20 ] [var/ezdemo_site/cache/template/compiled/preview-c0b72c104796fd1456c6eb358cc75d4b.php]
[ Oct 15 2013 00:22:20 ] [var/ezdemo_site/cache/template/compiled/admin_preview-00a4b868811e1fae445846303200dd8a.php]
[ Oct 15 2013 00:22:20 ] [var/cache/ini/datatype-6fb5cc0bdcbe306ed4855fa6a7076937.php]
[ Oct 15 2013 00:22:20 ] [var/ezdemo_site/cache/template/compiled/ezstring-208cc0d6cd90dddbaa7fe4968d676a13.php]
[ Oct 15 2013 00:22:20 ] [var/ezdemo_site/cache/template/compiled/ezpage-029d123042155fbe9568bf6be17eb010.php]
[ Oct 15 2013 00:22:20 ] [var/cache/ini/zone-836d606f4afcf864ee10ee4c1ed34cd4.php]
[ Oct 15 2013 00:22:20 ] [var/ezdemo_site/cache/template/compiled/2zoneslayout1-35349d7bf03f65f37d5ced3497bcdbcb.php]
[ Oct 15 2013 00:22:20 ] [var/ezdemo_site/cache/template/compiled/zone_block-d488f5320d3d4b6280b01763b7c7f938.php]
[ Oct 15 2013 00:22:20 ] [var/ezdemo_site/cache/template/compiled/zone_block_top-260eac4fdbd6992d6d66cf0e3ab3e616.php]
[ Oct 15 2013 00:22:20 ] [var/cache/ini/block-437e15b41fc848b5470b40e7d5824a76.php]
[ Oct 15 2013 00:22:20 ] [var/ezdemo_site/cache/template/compiled/view-e5dafbb03e4fd2f22f869a34cae63051.php]
[ Oct 15 2013 00:22:20 ] [var/ezdemo_site/cache/template/compiled/zone_block_bottom-afd2a15519a2034302e789f6eab62e99.php]
[ Oct 15 2013 00:22:20 ] [var/ezdemo_site/cache/template/compiled/details-f8b64838bac4fa1d7db51487296088c1.php]
[ Oct 15 2013 00:22:20 ] [var/ezdemo_site/cache/template/compiled/translations-c3a92d78a3913de78a8fff5a7f37574c.php]
[ Oct 15 2013 00:22:20 ] [var/ezdemo_site/cache/template/compiled/locations-01dd7605efe4e34a98a6b39464550d8c.php]
[ Oct 15 2013 00:22:20 ] [var/ezdemo_site/cache/template/compiled/relations-70ab69afa2e2240268b036bd94d8dfb4.php]
[ Oct 15 2013 00:22:20 ] [var/ezdemo_site/cache/template/compiled/google-5166a7223507c3eb4e291545554ec369.php]
[ Oct 15 2013 00:22:21 ] [var/ezdemo_site/cache/template/compiled/ordering-7a7c7afca728ed8b06d62e9831ec5c71.php]
[ Oct 15 2013 00:22:21 ] [var/ezdemo_site/cache/template/compiled/windows_extratabs-372f6ab0e7775d092fa84f5230ec8aaa.php]
[ Oct 15 2013 00:22:21 ] [var/ezdemo_site/cache/template/compiled/children-ffd6271cc859fb1fbf28b0d2ced788a6.php]
[ Oct 15 2013 00:22:21 ] [var/ezdemo_site/cache/template/compiled/children_detailed-935d65f8f6e32511935f0ed7dc338da7.php]
[ Oct 15 2013 00:22:21 ] [var/cache/ini/contentstructuremenu-f05985e37b3232e34d75b99ce5520ae8.php]
[ Oct 15 2013 00:22:21 ] [var/ezdemo_site/cache/template/compiled/alphabetical-c3add895f16b35cfd308caf2ccc7b923.php]
[ Oct 15 2013 00:22:21 ] [var/cache/ini/menu-7a735392be593cdcdf83439c1060f672.php]
[ Oct 15 2013 00:22:21 ] [var/cache/ini/toolbar-8ca9626da1b4538562840e8c4966411d.php]
[ Oct 15 2013 00:22:21 ] [var/ezdemo_site/cache/template/compiled/pagelayout-4a6efa16fd1ab37239673461fa214068.php]
[ Oct 15 2013 00:22:21 ] [var/ezdemo_site/cache/template/compiled/page_head-b37ad3045e3be42f6c0633c1851fd91a.php]
[ Oct 15 2013 00:22:21 ] [var/ezdemo_site/cache/template/compiled/canonical_link-782c7032d9c03d12472deccc4d2d5e6c.php]
[ Oct 15 2013 00:22:21 ] [var/ezdemo_site/cache/template/compiled/link-5a5f5485ff0beb48b1ece512a6baa6c5.php]
[ Oct 15 2013 00:22:21 ] [var/ezdemo_site/cache/template/compiled/page_head_style-572c0a863fa2ec0ff1bb6334c99d5d33.php]
[ Oct 15 2013 00:22:21 ] [var/cache/ini/ezjscore-aacd2de86a304909bd79413821d73a50.php]
[ Oct 15 2013 00:22:21 ] [var/ezdemo_site/cache/template/compiled/page_head_style_inline-4a55514eefaf55189ed0f76ca3f1f8aa.php]
[ Oct 15 2013 00:22:21 ] [var/ezdemo_site/cache/template/compiled/page_head_script-fbf7b873e76e008b532b52e3f673b3af.php]
[ Oct 15 2013 00:22:21 ] [var/ezdemo_site/cache/template/compiled/page_header-e3f19456b1dd34cf326f4cc93bea4f44.php]
[ Oct 15 2013 00:22:21 ] [var/ezdemo_site/cache/template/compiled/page_search-363c773773c34670159343b513fca01a.php]
[ Oct 15 2013 00:22:21 ] [var/ezdemo_site/cache/template/compiled/page_topmenu-7b4755b658ab7977b0a14d0d5ef7b63f.php]
[ Oct 15 2013 00:22:21 ] [var/ezdemo_site/cache/template/compiled/page_topmenuitem-6f789fbd762305649c7a1ba25666af63.php]
[ Oct 15 2013 00:22:22 ] [var/ezdemo_site/cache/template/compiled/admin_current_user-8f27bc3598988455a750117115b1b37d.php]
[ Oct 15 2013 00:22:22 ] [var/ezdemo_site/cache/template/compiled/admin_preferences-831c622e6fba977e4a6d0354c281e25f.php]
[ Oct 15 2013 00:22:22 ] [var/ezdemo_site/cache/template/compiled/admin_bookmarks-61dde57a6f06d1849b6dd4c5d8fac37d.php]
[ Oct 15 2013 00:22:22 ] [var/ezdemo_site/cache/template/compiled/admin_clear_cache-e05abb4c3553da27739c161acc982c26.php]
[ Oct 15 2013 00:22:22 ] [var/ezdemo_site/cache/template/compiled/clear_cache-13c97e10b8c19c0d7d306e0671b8a1f0.php]
[ Oct 15 2013 00:22:22 ] [var/ezdemo_site/cache/template/compiled/admin_quick_settings-70c09c509443faa1e156a535ebd4fda5.php]
[ Oct 15 2013 00:22:22 ] [var/ezdemo_site/cache/template/compiled/quick_settings-fde5ed95e9752fedbc1bffaa0931c24d.php]
[ Oct 15 2013 00:22:22 ] [var/cache/ini/site-9cb0e9631ed265dd09f7291efc783195.php]
[ Oct 15 2013 00:22:22 ] [var/ezdemo_site/cache/template/compiled/page_toppath-bd8be587ef84a1622de8906abb1aa9b2.php]
[ Oct 15 2013 00:22:22 ] [var/ezdemo_site/cache/template/compiled/page_leftmenu-d3ca04dbe4fd2bb7123675e903d34acb.php]
[ Oct 15 2013 00:22:22 ] [var/ezdemo_site/cache/template/compiled/menu-9ee7516013eb2a4f8c1cc4eef95f40aa.php]
[ Oct 15 2013 00:22:22 ] [var/ezdemo_site/cache/template/compiled/content_structure_menu_dynamic-fa75c2dcc740863118cab42e8613ee7b.php]
[ Oct 15 2013 00:22:22 ] [var/ezdemo_site/cache/template/compiled/ini_menu-c0524ee4651853cb5b49b4d031365d2f.php]
[ Oct 15 2013 00:22:22 ] [var/ezdemo_site/cache/template/compiled/page_mainarea-8830222250e079baca4e1505e1494be5.php]
[ Oct 15 2013 00:22:22 ] [var/ezdemo_site/cache/template/compiled/page_copyright-f0f27e83009ad7badd8b634ddda92a22.php]
[ Oct 15 2013 00:22:22 ] [var/ezdemo_site/cache/template/compiled/popup_menu-e81cf7fdb63c5c9d38a40a3746fc2563.php]
[ Oct 15 2013 00:22:22 ] [var/ezdemo_site/cache/template/compiled/popup_context_menu-6bbd6c7ee6b8782272eb181a3c57f89e.php]
[ Oct 15 2013 00:22:22 ] [var/ezdemo_site/cache/template/compiled/oocontextmenu-2cf47ce271cced93e7a321f676ad0c83.php]
[ Oct 15 2013 00:22:22 ] [var/ezdemo_site/cache/template/compiled/ezflcontextmenu-086fd5fa58b87c065db9267762c6fc98.php]
[ Oct 15 2013 00:22:22 ] [var/ezdemo_site/cache/template/compiled/ezmucontextmenu-ae9d9c5fba990ff39e61c8b187c054ce.php]
[ Oct 15 2013 00:22:22 ] [var/ezdemo_site/cache/template/compiled/popup_subitems_menu-fd1679b69f395cbd58f063f7dfbc5469.php]
[ Oct 15 2013 00:22:22 ] [var/ezdemo_site/cache/template/compiled/oosubitemscontextmenu-092e59f36d5d7694433e36dfe95679bf.php]
[ Oct 15 2013 00:22:22 ] [var/ezdemo_site/cache/template/compiled/ezflsubitemscontextmenu-ca2a93bd368038f03e813db4e034aeaf.php]
[ Oct 15 2013 00:22:23 ] [var/ezdemo_site/cache/template/compiled/ezmusubitemscontextmenu-038d01410e2af6960d189e5bdba3fa91.php]
[ Oct 15 2013 00:22:23 ] [var/ezdemo_site/cache/template/compiled/popup_class_menu-85c03bc45d2525dd619a505dd98a1b93.php]
[ Oct 15 2013 00:22:23 ] [var/ezdemo_site/cache/template/compiled/popup_bookmark_menu-e5b147b6c16bcb00a164875c237ac192.php]
[ Oct 15 2013 00:22:23 ] [var/ezdemo_site/cache/template/compiled/oocontextsubmenu-6f6ad8fc58c42ec92749e33bb6adccee.php]
[ Oct 15 2013 00:22:23 ] [var/ezdemo_site/cache/template/compiled/ezflcontextsubmenu-3d0985f03d3d787f512f66a6181d55ce.php]
[ Oct 15 2013 00:22:23 ] [var/ezdemo_site/cache/template/compiled/popup_tag_menu-5751448d6cb27388bcd44b909400317e.php]
[ Oct 15 2013 00:22:23 ] [var/ezdemo_site/cache/template/compiled/popup_sub_createhere_menu-ab5b62e10c545e543b026254e9ffd299.php]
[ Oct 15 2013 00:22:23 ] [var/ezdemo_site/cache/template/compiled/popup_sub_edit_menu-df0a3765ee20651323fa427c7e47f11f.php]
[ Oct 15 2013 00:22:23 ] [var/ezdemo_site/cache/template/compiled/popup_sub_advance_menu-4d85b603ae23bf34cbe737abfa2a2ab6.php]
[ Oct 15 2013 00:22:23 ] [var/ezdemo_site/cache/template/compiled/popup_sub_editclass_menu-1ba3d112fb679f3c64f76c1b43a1d030.php]
[ Oct 15 2013 00:22:23 ] [var/ezdemo_site/cache/template/compiled/popup_sub_siteaccess_menus-176773dff879cc1f2715c091092c004e.php]
[ Oct 15 2013 00:22:24 ] [var/cache/ini/contentstructuremenu-53296d58e1929ec16e2feaefb82fc37e.php]
[ Oct 15 2013 00:22:24 ] [var/ezdemo_site/cache/classidentifiers_194f3eb3f65848fd125a4be0c674df54.php]
[ Oct 15 2013 00:22:25 ] [var/cache/ini/ezjscore-144a2c80a76dc41730db470844821262.php]
[ Oct 15 2013 00:22:25 ] [var/cache/ini/image-e9245e510e47c11e6290ec3b0485fd0f.php]
[ Oct 15 2013 00:22:25 ] [var/cache/ini/icon-448ba5027a22c5d07ac42393976eb07b.php]
[ Oct 15 2013 00:22:25 ] [var/cache/ini/icon-36c80e78078d11f393297f861a72ec4d.php]
[ Oct 15 2013 00:23:05 ] [var/cache/ini/site-5efdf1608e78cc3ca88b46f9ed1171b4.php]
[ Oct 15 2013 00:23:05 ] [var/cache/ini/module-936ce5f05fcc67abd2eeeb4ee7d675e7.php]
[ Oct 15 2013 00:23:05 ] [var/cache/ini/ger-DE-5c3ca8a001ba0dc61115bc8a2b947886.php]
[ Oct 15 2013 00:23:05 ] [var/cache/ini/template-8c1d712bb6efd827a32e94fde78f3c90.php]
[ Oct 15 2013 00:23:05 ] [var/cache/ini/file-ad6703fa061e022d56945d860d3337e0.php]
[ Oct 15 2013 00:23:05 ] [var/cache/ini/debug-0cd4e7ad59c8514cb73cf3737754cc34.php]
[ Oct 15 2013 00:23:05 ] [var/cache/ini/content-81c24491d9457079b5a4c76b1e2bb304.php]
[ Oct 15 2013 00:23:05 ] [var/cache/ini/workflow-43a162d9834be1c1131307b1ebf7c85f.php]
[ Oct 15 2013 00:23:05 ] [var/cache/ini/override-64befe521b43dcd31adc58861d618b90.php]
[ Oct 15 2013 00:23:05 ] [var/cache/ini/design-bf297e4e9dc61686ee6f8b0ffad425dc.php]
[ Oct 15 2013 00:23:05 ] [var/ezdemo_site/cache/override/override_25dd312503845570325d40c3a40634dc.php]
[ Oct 15 2013 00:23:05 ] [var/ezdemo_site/cache/template/compiled/landing_page-50dd5351e68ae450cfa36378ee5150cf.php]
[ Oct 15 2013 00:23:05 ] [var/ezdemo_site/cache/template/compiled/ezpage-706e84e5c75fe959f1d8302655eaa6ca.php]
[ Oct 15 2013 00:23:05 ] [var/cache/ini/zone-6ea1b2e12caab92b8d49f1a117c8dffb.php]
[ Oct 15 2013 00:23:05 ] [var/ezdemo_site/cache/template/compiled/2zoneslayout1-c77e39a5eaa06d19a331be418ded5abc.php]
[ Oct 15 2013 00:23:05 ] [var/ezdemo_site/cache/template/compiled/zone_block-0e81b057fd6f26fb73fca05725a1da8d.php]
[ Oct 15 2013 00:23:05 ] [var/ezdemo_site/cache/template/compiled/zone_block_top-2839bcab11b649df40832ec1dd75b530.php]
[ Oct 15 2013 00:23:05 ] [var/cache/ini/block-95d25e6112dc435636e2f0a2ffc85180.php]
[ Oct 15 2013 00:23:05 ] [var/ezdemo_site/cache/template/compiled/campaign-1d787a5ed6daf109ae66b9dd3f56e5e2.php]
[ Oct 15 2013 00:23:05 ] [var/ezdemo_site/cache/template/compiled/article-5e7eeac799c67535f7ca803b40a33d04.php]
[ Oct 15 2013 00:23:06 ] [var/cache/ini/image-cc1544b3b3ca86e912c8ea75d9ebf7f7.php]
[ Oct 15 2013 00:23:06 ] [var/cache/ini/mime-e75dca7ad34dc35c6c26a601ed78f667.php]
[ Oct 15 2013 00:23:06 ] [var/cache/ini/ezxml-aa9b2dd3f0c98275c32b40e283462da2.php]
[ Oct 15 2013 00:23:06 ] [var/ezdemo_site/cache/template/compiled/ezxmltext-11ecd1245da83d16bf5d6ae24d0c6265.php]
[ Oct 15 2013 00:23:06 ] [var/ezdemo_site/cache/template/compiled/paragraph-e1e5b9458ecf269a525b4d5a2f57dec2.php]
[ Oct 15 2013 00:23:06 ] [var/ezdemo_site/cache/template/compiled/zone_block_bottom-f4a3d8f3c34c5c91490ac59ef502cb5d.php]
[ Oct 15 2013 00:23:06 ] [var/ezdemo_site/cache/template/compiled/content_grid_2cols_2rows-01a6e9740bb16932c878c9946070258e.php]
[ Oct 15 2013 00:23:06 ] [var/ezdemo_site/cache/template/compiled/article-2aa5a312ee5977003189f30a2d82138e.php]
[ Oct 15 2013 00:23:06 ] [var/ezdemo_site/cache/template/compiled/ezimage-de110ca3cc5892d4f5f82eeab5d56a38.php]
[ Oct 15 2013 00:23:06 ] [var/ezdemo_site/cache/template/compiled/link-1b88a49c6c5e7938d45c38cb259490c2.php]
[ Oct 15 2013 00:23:07 ] [var/ezdemo_site/cache/template/compiled/gallery-6b078b5f5d22ebf28502a3d33af2b79a.php]
[ Oct 15 2013 00:23:07 ] [var/ezdemo_site/cache/template/compiled/gallery_item-e0fb47ce03a308ba041a8d67d7939463.php]
[ Oct 15 2013 00:23:09 ] [var/ezdemo_site/cache/template/compiled/highlighted_item-06928ae0d30e865bf0d2a041d7598cc5.php]
[ Oct 15 2013 00:23:09 ] [var/ezdemo_site/cache/template/compiled/content_grid_1col_2rows-53d5ef0c655ddbc1583e6bc2dd64675f.php]
[ Oct 15 2013 00:23:09 ] [var/ezdemo_site/cache/template/compiled/product-752ff911df1bea559f58562e1ecc97e9.php]
[ Oct 15 2013 00:23:09 ] [var/ezdemo_site/cache/template/compiled/feed_reader-8c0d34332041ac436b89f3fcda1061d8.php]
[ Oct 15 2013 00:23:10 ] [var/ezdemo_site/cache/template/compiled/video-b135662bf9669bded81235d9551f96a0.php]
[ Oct 15 2013 00:23:10 ] [var/ezdemo_site/cache/template/compiled/tag_cloud-13bc2ada6a5dc321f91b2c7856f9c5e2.php]
[ Oct 15 2013 00:23:10 ] [var/ezdemo_site/cache/template/compiled/tagcloud-fe5e73af16fb97ad21356d9dd46b508e.php]
[ Oct 15 2013 00:23:10 ] [var/cache/ini/menu-4df971e4a3e2765de017e46ab3ed2514.php]
[ Oct 15 2013 00:23:11 ] [var/ezdemo_site/cache/template/compiled/pagelayout-9932d7eacd23c13ef0948c983fec9e63.php]
[ Oct 15 2013 00:23:11 ] [var/ezdemo_site/cache/template/compiled/page_head_displaystyles-1fcaa607df1bef450a66a302c0a73a86.php]
[ Oct 15 2013 00:23:11 ] [var/cache/ini/eng-GB-5a56c71778026056651e82bd28ed469f.php]
[ Oct 15 2013 00:23:11 ] [var/ezdemo_site/cache/template/compiled/page_head-0d560573eaa11c4c173151f54c12ee12.php]
[ Oct 15 2013 00:23:11 ] [var/ezdemo_site/cache/template/compiled/canonical_link-6b1a55eab4a74a5022fd44a93bb3fd0d.php]
[ Oct 15 2013 00:23:11 ] [var/ezdemo_site/cache/template/compiled/link-e3543cdbae44e2a4837b9c81eb8de3e4.php]
[ Oct 15 2013 00:23:11 ] [var/ezdemo_site/cache/template/compiled/page_head_style-18858e9730358a9b1d6e3e9e22344f9c.php]
[ Oct 15 2013 00:23:11 ] [var/cache/ini/ezjscore-bd80d19216b54f691cce9c3af8fef129.php]
[ Oct 15 2013 00:23:11 ] [var/ezdemo_site/cache/template/compiled/page_head_script-1e80ab0f8451777cfde56d2120cff177.php]
[ Oct 15 2013 00:23:11 ] [var/ezdemo_site/cache/template/compiled/page_header-b1b6656a82cc219a74e9481753bba6bd.php]
[ Oct 15 2013 00:23:11 ] [var/ezdemo_site/cache/template/compiled/page_header_languages-cb12de8fcc86adff327d10bd2dec6734.php]
[ Oct 15 2013 00:23:11 ] [var/cache/ini/site-30818c9734e92fbd0f3b3ac9abf5be91.php]
[ Oct 15 2013 00:23:11 ] [var/cache/ini/site-cf7490eb271f9cbaf26bd58fde3d022d.php]
[ Oct 15 2013 00:23:11 ] [var/ezdemo_site/cache/template/compiled/page_header_links-08d352c17b1e05a8d2762f561e16278a.php]
[ Oct 15 2013 00:23:11 ] [var/ezdemo_site/cache/template/compiled/page_header_logo-04a55f23380bd04f854eeba313f150cc.php]
[ Oct 15 2013 00:23:11 ] [var/ezdemo_site/cache/template/compiled/page_header_searchbox-d6338f6101d973e0fa05c1de6fbfea3b.php]
[ Oct 15 2013 00:23:11 ] [var/ezdemo_site/cache/template/compiled/page_topmenu-e9bc2bec57d7f19e6fc4b61a759be4b0.php]
[ Oct 15 2013 00:23:11 ] [var/ezdemo_site/cache/template/compiled/double_top-83a97658643eb20aa15cfdba7e52c400.php]
[ Oct 15 2013 00:23:11 ] [var/ezdemo_site/cache/template/compiled/page_toppath-1db4cf57966a58b4ec4e9bea260677e6.php]
[ Oct 15 2013 00:23:11 ] [var/ezdemo_site/cache/template/compiled/path-9fb3f1876c1e115ac29e8e323b2670b2.php]
[ Oct 15 2013 00:23:11 ] [var/ezdemo_site/cache/template/compiled/page_mainarea-c415118f9e8c0dc4b59589bbd76511e2.php]
[ Oct 15 2013 00:23:11 ] [var/ezdemo_site/cache/template/compiled/page_footer-07a5c5c3ebb4256069fae898e981dc14.php]
[ Oct 15 2013 00:23:11 ] [var/ezdemo_site/cache/template/compiled/address-8cb539a80bf78c3ddfa4ec4c236a0f01.php]
[ Oct 15 2013 00:23:11 ] [var/ezdemo_site/cache/template/compiled/strong-4c13890c5d62f4adde058184ad704083.php]
[ Oct 15 2013 00:23:11 ] [var/ezdemo_site/cache/template/compiled/line-5b5151ebcf4c1ce369330df03d42844a.php]
[ Oct 15 2013 00:23:11 ] [var/ezdemo_site/cache/template/compiled/latest_news-7ca90c4cf3e4e77acbb740ab2c1cae2d.php]
[ Oct 15 2013 00:23:11 ] [var/ezdemo_site/cache/template/compiled/feedback_form-b5bcff9109bf15e40c999d60407aa985.php]
[ Oct 15 2013 00:23:11 ] [var/ezdemo_site/cache/template/compiled/ezstring_feedback_form-e6986bca832815d3343bccb38496b766.php]
[ Oct 15 2013 00:23:11 ] [var/ezdemo_site/cache/template/compiled/ezemail_feedback_form-b508bb468c862b1a52856cc976500d3c.php]
[ Oct 15 2013 00:23:11 ] [var/ezdemo_site/cache/template/compiled/eztext_feedback_form-5098cd14da826c515438814762ae29e3.php]
[ Oct 15 2013 00:23:11 ] [var/ezdemo_site/cache/template/compiled/page_footer_script-2fbbd2f3e03e726caa39a7b99a6edcd4.php]
[ Oct 15 2013 00:23:13 ] [var/cache/ini/module-50eb8f9a9075cd384a62b3de90da376c.php]
[ Oct 15 2013 00:23:13 ] [var/cache/ini/ger-DE-6eb2f7e6896c531efdb64ad2a8a8e39c.php]
[ Oct 15 2013 00:23:13 ] [var/cache/ini/template-8f760645786256e8706c36a18850d863.php]
[ Oct 15 2013 00:23:13 ] [var/cache/ini/file-212de78f05e12a54852c8ab14bf9723e.php]
[ Oct 15 2013 00:23:13 ] [var/cache/ini/debug-d0363857d1ceeea0cde1f0fec406bbd9.php]
[ Oct 15 2013 00:23:13 ] [var/cache/ini/content-44815a1d3324b3f5a2f7f20457eb4c64.php]
[ Oct 15 2013 00:23:13 ] [var/cache/ini/workflow-acfcf5789c082c31842009aac8f6b7e0.php]
[ Oct 15 2013 00:23:13 ] [var/cache/ini/override-67ae2fd76b3e172fe95717ce546d7903.php]
[ Oct 15 2013 00:23:13 ] [var/cache/ini/design-4cd12bb33747d19bda41e303d53ece49.php]
[ Oct 15 2013 00:23:13 ] [var/ezdemo_site/cache/override/override_ba068b9eae890f24d96c295289059ac8.php]
[ Oct 15 2013 00:23:13 ] [var/ezdemo_site/cache/template/compiled/landing_page-34d2c76b34c747f1ca24298324215795.php]
[ Oct 15 2013 00:23:13 ] [var/ezdemo_site/cache/template/compiled/ezpage-e1477a93afd4d5950a11c946fafacd45.php]
[ Oct 15 2013 00:23:13 ] [var/cache/ini/zone-21bf185221aefc5c93ddf20364706ec9.php]
[ Oct 15 2013 00:23:13 ] [var/ezdemo_site/cache/template/compiled/2zoneslayout1-12af0ca101c78ff567cecb9fb1eb793c.php]
[ Oct 15 2013 00:23:13 ] [var/ezdemo_site/cache/template/compiled/zone_block-999a79c758cea8db27ae2413ad8e3017.php]
[ Oct 15 2013 00:23:13 ] [var/ezdemo_site/cache/template/compiled/zone_block_top-360a53c3f43b517bf9f0e38f2428624a.php]
[ Oct 15 2013 00:23:13 ] [var/cache/ini/block-f63361500fc050048e2333799dccae29.php]
[ Oct 15 2013 00:23:13 ] [var/ezdemo_site/cache/template/compiled/campaign-7b0fb210ba94ffa5131e83ade5c96ab4.php]
[ Oct 15 2013 00:23:13 ] [var/ezdemo_site/cache/template/compiled/article-fa4b10b33fa3c2c2e68ca066f5a25cb3.php]
[ Oct 15 2013 00:23:13 ] [var/cache/ini/image-b6eafe4ea0dbcb2414e86adedc7c0fb7.php]
[ Oct 15 2013 00:23:13 ] [var/cache/ini/ezxml-d71f451e9bf8466c906a193c1d937141.php]
[ Oct 15 2013 00:23:13 ] [var/ezdemo_site/cache/template/compiled/ezxmltext-ff779b09849b4159eef8b2cf749c3fb8.php]
[ Oct 15 2013 00:23:13 ] [var/ezdemo_site/cache/template/compiled/paragraph-f8ee1af648e86e14e1fd98c962130832.php]
[ Oct 15 2013 00:23:13 ] [var/ezdemo_site/cache/template/compiled/zone_block_bottom-3728a52bcc7affb84c810d5e6136f6a9.php]
[ Oct 15 2013 00:23:13 ] [var/ezdemo_site/cache/template/compiled/content_grid_2cols_2rows-9ecedce6527fa8c619b9a28fcae5f80b.php]
[ Oct 15 2013 00:23:13 ] [var/ezdemo_site/cache/template/compiled/article-dc9524e953be71e8cc439c78df9b433c.php]
[ Oct 15 2013 00:23:13 ] [var/ezdemo_site/cache/template/compiled/ezimage-509dc423f2fa6a3d08560abfce8dff35.php]
[ Oct 15 2013 00:23:14 ] [var/ezdemo_site/cache/template/compiled/link-e46100f7f31d3284895befcaff85050d.php]
[ Oct 15 2013 00:23:14 ] [var/ezdemo_site/cache/template/compiled/gallery-b4f007f4183f755ca3dbd883056c5aa7.php]
[ Oct 15 2013 00:23:14 ] [var/ezdemo_site/cache/template/compiled/gallery_item-8fc5089e6710f6ab55c2169901c5a121.php]
[ Oct 15 2013 00:23:14 ] [var/ezdemo_site/cache/template/compiled/highlighted_item-5e45987f3debb25e349f6eba3e290188.php]
[ Oct 15 2013 00:23:14 ] [var/ezdemo_site/cache/template/compiled/content_grid_1col_2rows-5dc6f41a3ab9d110b00cdcbeb3ac72cb.php]
[ Oct 15 2013 00:23:14 ] [var/ezdemo_site/cache/template/compiled/product-a1c6f6cd7c894a385612132cff5c1f53.php]
[ Oct 15 2013 00:23:14 ] [var/ezdemo_site/cache/template/compiled/feed_reader-e0ac1272361ea48c51b1472e22835a2b.php]
[ Oct 15 2013 00:23:16 ] [var/ezdemo_site/cache/template/compiled/video-fd5967e57fdd5a68dfccce0e8af3cce9.php]
[ Oct 15 2013 00:23:16 ] [var/ezdemo_site/cache/template/compiled/tag_cloud-4fe934db76c9c9d916fca6359eaa939f.php]
[ Oct 15 2013 00:23:16 ] [var/ezdemo_site/cache/template/compiled/tagcloud-9b1838b4436e82806429caf0a5a01ac7.php]
[ Oct 15 2013 00:23:16 ] [var/cache/ini/menu-05d8a56677a52793206363090569fef3.php]
[ Oct 15 2013 00:23:16 ] [var/ezdemo_site/cache/template/compiled/pagelayout-3b0448ae8c99545ee570464d07f1ca3a.php]
[ Oct 15 2013 00:23:16 ] [var/ezdemo_site/cache/template/compiled/page_head_displaystyles-28df80e049149d5ff8b91401826ec71b.php]
[ Oct 15 2013 00:23:16 ] [var/cache/ini/eng-GB-8ab9564a521c00ff721c63233f142790.php]
[ Oct 15 2013 00:23:16 ] [var/ezdemo_site/cache/template/compiled/page_head-78adc24dcd638b120837f8b24213d786.php]
[ Oct 15 2013 00:23:16 ] [var/ezdemo_site/cache/template/compiled/canonical_link-1be37940c674e6d523928680191af3af.php]
[ Oct 15 2013 00:23:16 ] [var/ezdemo_site/cache/template/compiled/link-f97ef14b77df3095b734c29ec7497a32.php]
[ Oct 15 2013 00:23:16 ] [var/ezdemo_site/cache/template/compiled/page_head_style-1735c583364972359c7f385244544f30.php]
[ Oct 15 2013 00:23:16 ] [var/cache/ini/ezjscore-cd2fbdf3546549b54609718b682e48b9.php]
[ Oct 15 2013 00:23:16 ] [var/ezdemo_site/cache/template/compiled/page_head_script-4f9d4a2e85b270f569921114093c72af.php]
[ Oct 15 2013 00:23:16 ] [var/ezdemo_site/cache/template/compiled/page_header-3ba239f80e26b2fa208d9330a26fb9e5.php]
[ Oct 15 2013 00:23:16 ] [var/ezdemo_site/cache/template/compiled/page_header_languages-598411bddc8b7d3a0837cc739685ff06.php]
[ Oct 15 2013 00:23:16 ] [var/ezdemo_site/cache/template/compiled/page_header_links-cec689b6740a357203756a2347a7ae3d.php]
[ Oct 15 2013 00:23:16 ] [var/ezdemo_site/cache/template/compiled/page_header_logo-37e7e7a83ce9e5b0bff3a24c0f089c58.php]
[ Oct 15 2013 00:23:16 ] [var/ezdemo_site/cache/template/compiled/page_header_searchbox-4b2596b5a081befa2cffb89b31636ae6.php]
[ Oct 15 2013 00:23:16 ] [var/ezdemo_site/cache/template/compiled/page_topmenu-f3ad41c0082269c61f460d9431d30484.php]
[ Oct 15 2013 00:23:16 ] [var/ezdemo_site/cache/template/compiled/double_top-f2b9c0691927b3251438efb040ee88bc.php]
[ Oct 15 2013 00:23:16 ] [var/ezdemo_site/cache/template/compiled/page_toppath-930b468c0d567aacc11fc192d900317e.php]
[ Oct 15 2013 00:23:16 ] [var/ezdemo_site/cache/template/compiled/path-3406175b5a68c72a3c209f4ec6d7094e.php]
[ Oct 15 2013 00:23:16 ] [var/ezdemo_site/cache/template/compiled/page_mainarea-2160c30fa4d2f5415f3ffd38b7ea7a4f.php]
[ Oct 15 2013 00:23:16 ] [var/ezdemo_site/cache/template/compiled/page_footer-d2add46f247ecb6197069edbfc924daf.php]
[ Oct 15 2013 00:23:16 ] [var/ezdemo_site/cache/template/compiled/address-06568cc681f6cdc74c012079967ff70e.php]
[ Oct 15 2013 00:23:16 ] [var/ezdemo_site/cache/template/compiled/strong-1d8218d530e14f2f3716f9a1d8109206.php]
[ Oct 15 2013 00:23:16 ] [var/ezdemo_site/cache/template/compiled/line-74d7f0ec148041fc89a3914b00f47dc6.php]
[ Oct 15 2013 00:23:16 ] [var/ezdemo_site/cache/template/compiled/latest_news-03a3378b377efe65e4019a902cb38f6f.php]
[ Oct 15 2013 00:23:17 ] [var/ezdemo_site/cache/template/compiled/feedback_form-d1e5d78f0b3d390ecc2ffdf2b3a92381.php]
[ Oct 15 2013 00:23:17 ] [var/ezdemo_site/cache/template/compiled/ezstring_feedback_form-6dbd81e16a15df6d0481d9953ad1bbed.php]
[ Oct 15 2013 00:23:17 ] [var/ezdemo_site/cache/template/compiled/ezemail_feedback_form-2a6ad92ba5c5a668f28b4a42297608c2.php]
[ Oct 15 2013 00:23:17 ] [var/ezdemo_site/cache/template/compiled/eztext_feedback_form-0438d0ee9ec8fdf3e36ce575eb0ec022.php]
[ Oct 15 2013 00:23:17 ] [var/ezdemo_site/cache/template/compiled/page_footer_script-90efb99843a343e6164308bf6113470a.php]
[ Oct 15 2013 00:23:17 ] [var/cache/ini/mime-37337c6ef5abc71296541934ef79752b.php]
